0 info it worked if it ends with ok
1 verbose cli [ 'node', '/usr/local/bin/npm', 'update', '-g', 'bower' ]
2 info using npm@2.0.0-beta.0
3 info using node@v0.10.31
4 verbose mapToRegistry name bower
5 verbose mapToRegistry uri https://registry.npmjs.org/bower
6 verbose request on initialization, where is /bower
7 verbose request after pass 1, where is /bower
8 verbose request url raw /bower
9 verbose request resolving registry [ 'https://registry.npmjs.org/', './bower' ]
10 verbose request after pass 2, where is https://registry.npmjs.org/bower
11 verbose request no auth needed
12 info retrier registry request attempt 1 at 01:37:11
13 verbose request id dc2d45e363b3feb3
14 verbose etag "67TYGFPW0ZAHCFMOMDD205HK4"
15 http request GET https://registry.npmjs.org/bower
16 http 200 https://registry.npmjs.org/bower
17 silly registry.get cb [ 200,
17 silly registry.get   { server: 'CouchDB/1.5.0 (Erlang OTP/R16B03)',
17 silly registry.get     etag: '"6ZWOW31OV5PA4N3XE812O3H69"',
17 silly registry.get     'content-type': 'application/json',
17 silly registry.get     'cache-control': 'max-age=300',
17 silly registry.get     'content-length': '158262',
17 silly registry.get     'accept-ranges': 'bytes',
17 silly registry.get     date: 'Fri, 11 Dec 2015 09:37:11 GMT',
17 silly registry.get     via: '1.1 varnish',
17 silly registry.get     age: '49',
17 silly registry.get     connection: 'keep-alive',
17 silly registry.get     'x-served-by': 'cache-sjc3126-SJC',
17 silly registry.get     'x-cache': 'HIT',
17 silly registry.get     'x-cache-hits': '1',
17 silly registry.get     'x-timer': 'S1449826631.969292,VS0,VE0',
17 silly registry.get     vary: 'Accept' } ]
18 info outdated updating [ [ '/usr/local/lib', 'bower', '1.4.1', '1.7.0', '1.7.0', 'latest' ] ]
19 verbose install where,what [ '/usr/local/lib', [ 'bower@1.7.0' ] ]
20 verbose cache add [ 'bower@1.7.0', null ]
21 verbose cache add spec="bower@1.7.0" args=["bower@1.7.0",null]
22 verbose parsed spec { raw: 'bower@1.7.0',
22 verbose parsed spec   scope: null,
22 verbose parsed spec   name: 'bower',
22 verbose parsed spec   rawSpec: '1.7.0',
22 verbose parsed spec   spec: '1.7.0',
22 verbose parsed spec   type: 'version' }
23 verbose addNamed [ 'bower', '1.7.0' ]
24 verbose addNamed [ '1.7.0', '1.7.0' ]
25 silly lockFile 58cd9bb9-bower-1-7-0 bower@1.7.0
26 verbose lock bower@1.7.0 /Users/philip/.npm/58cd9bb9-bower-1-7-0.lock
27 verbose mapToRegistry name bower
28 verbose mapToRegistry uri https://registry.npmjs.org/bower
29 verbose registry.get https://registry.npmjs.org/bower not expired, no request
30 silly lockFile 1851f724--npmjs-org-bower-bower-1-7-0-tgz https://registry.npmjs.org/bower/-/bower-1.7.0.tgz
31 verbose lock https://registry.npmjs.org/bower/-/bower-1.7.0.tgz /Users/philip/.npm/1851f724--npmjs-org-bower-bower-1-7-0-tgz.lock
32 verbose addRemoteTarball [ 'https://registry.npmjs.org/bower/-/bower-1.7.0.tgz',
32 verbose addRemoteTarball   '55c9bf39f5547c02ed5469f67635637128adae29' ]
33 info retry fetch attempt 1 at 01:37:12
34 info retrier registry request attempt 1 at 01:37:12
35 http fetch GET https://registry.npmjs.org/bower/-/bower-1.7.0.tgz
36 http fetch 200 https://registry.npmjs.org/bower/-/bower-1.7.0.tgz
37 silly fetchAndShaCheck shasum 55c9bf39f5547c02ed5469f67635637128adae29
38 silly lockFile 1851f724--npmjs-org-bower-bower-1-7-0-tgz https://registry.npmjs.org/bower/-/bower-1.7.0.tgz
39 silly lockFile 1851f724--npmjs-org-bower-bower-1-7-0-tgz https://registry.npmjs.org/bower/-/bower-1.7.0.tgz
40 silly lockFile 58cd9bb9-bower-1-7-0 bower@1.7.0
41 silly lockFile 58cd9bb9-bower-1-7-0 bower@1.7.0
42 silly resolved [ { name: 'bower',
42 silly resolved     version: '1.7.0',
42 silly resolved     description: 'The browser package manager',
42 silly resolved     author: { name: 'Twitter' },
42 silly resolved     license: 'MIT',
42 silly resolved     repository: { type: 'git', url: 'git+https://github.com/bower/bower.git' },
42 silly resolved     main: 'lib',
42 silly resolved     homepage: 'http://bower.io',
42 silly resolved     engines: { node: '>=0.10.0' },
42 silly resolved     keywords: [ 'bower' ],
42 silly resolved     dependencies:
42 silly resolved      { abbrev: '^1.0.5',
42 silly resolved        archy: '1.0.0',
42 silly resolved        'bower-config': '^1.3.0',
42 silly resolved        'bower-endpoint-parser': '^0.2.2',
42 silly resolved        'bower-json': '^0.4.0',
42 silly resolved        'bower-logger': '^0.2.2',
42 silly resolved        'bower-registry-client': '^1.0.0',
42 silly resolved        cardinal: '0.4.4',
42 silly resolved        chalk: '^1.0.0',
42 silly resolved        chmodr: '^1.0.2',
42 silly resolved        configstore: '^0.3.2',
42 silly resolved        'decompress-zip': '^0.1.0',
42 silly resolved        destroy: '^1.0.3',
42 silly resolved        'fs-write-stream-atomic': '^1.0.5',
42 silly resolved        fstream: '^1.0.3',
42 silly resolved        'fstream-ignore': '^1.0.2',
42 silly resolved        github: '^0.2.3',
42 silly resolved        glob: '^4.3.2',
42 silly resolved        'graceful-fs': '^3.0.5',
42 silly resolved        handlebars: '^2.0.0',
42 silly resolved        inquirer: '0.10.0',
42 silly resolved        insight: '^0.7.0',
42 silly resolved        'is-root': '^1.0.0',
42 silly resolved        junk: '^1.0.0',
42 silly resolved        lockfile: '^1.0.0',
42 silly resolved        'lru-cache': '^2.5.0',
42 silly resolved        'md5-hex': '^1.0.2',
42 silly resolved        mkdirp: '0.5.0',
42 silly resolved        mout: '^0.11.0',
42 silly resolved        nopt: '^3.0.1',
42 silly resolved        opn: '^1.0.1',
42 silly resolved        'p-throttler': '0.1.1',
42 silly resolved        promptly: '0.2.0',
42 silly resolved        q: '^1.1.2',
42 silly resolved        request: '2.53.0',
42 silly resolved        'request-progress': '0.3.1',
42 silly resolved        retry: '0.6.1',
42 silly resolved        rimraf: '^2.2.8',
42 silly resolved        semver: '^2.3.0',
42 silly resolved        'shell-quote': '^1.4.2',
42 silly resolved        'stringify-object': '^1.0.0',
42 silly resolved        'tar-fs': '^1.4.1',
42 silly resolved        tmp: '0.0.24',
42 silly resolved        'update-notifier': '^0.3.0',
42 silly resolved        'user-home': '^1.1.0',
42 silly resolved        which: '^1.0.8' },
42 silly resolved     devDependencies:
42 silly resolved      { chai: '^1.10.0',
42 silly resolved        coveralls: '^2.11.2',
42 silly resolved        'expect.js': '^0.3.1',
42 silly resolved        grunt: '^0.4.5',
42 silly resolved        'grunt-cli': '^0.1.13',
42 silly resolved        'grunt-contrib-jshint': '^0.10.0',
42 silly resolved        'grunt-contrib-watch': '^0.6.1',
42 silly resolved        'grunt-exec': '^0.4.6',
42 silly resolved        'grunt-jscs': '^2.3.0',
42 silly resolved        'grunt-simple-mocha': '^0.4.0',
42 silly resolved        istanbul: '^0.3.5',
42 silly resolved        'load-grunt-tasks': '^2.0.0',
42 silly resolved        mocha: '^2.1.0',
42 silly resolved        multiline: '^1.0.2',
42 silly resolved        nock: '^3.1.0',
42 silly resolved        'node-uuid': '^1.4.2',
42 silly resolved        proxyquire: '^1.3.0',
42 silly resolved        'spawn-sync': '1.0.13' },
42 silly resolved     scripts: { test: 'grunt test' },
42 silly resolved     bin: { bower: 'bin/bower' },
42 silly resolved     files: [ 'bin', 'lib', 'templates' ],
42 silly resolved     gitHead: '338ac99080d464cbc7c2c27cddae31207da6e527',
42 silly resolved     bugs: { url: 'https://github.com/bower/bower/issues' },
42 silly resolved     bundleDependencies:
42 silly resolved      [ 'abbrev',
42 silly resolved        'archy',
42 silly resolved        'bower-config',
42 silly resolved        'bower-endpoint-parser',
42 silly resolved        'bower-json',
42 silly resolved        'bower-logger',
42 silly resolved        'bower-registry-client',
42 silly resolved        'cardinal',
42 silly resolved        'chalk',
42 silly resolved        'chmodr',
42 silly resolved        'configstore',
42 silly resolved        'decompress-zip',
42 silly resolved        'destroy',
42 silly resolved        'fs-write-stream-atomic',
42 silly resolved        'fstream',
42 silly resolved        'fstream-ignore',
42 silly resolved        'github',
42 silly resolved        'glob',
42 silly resolved        'graceful-fs',
42 silly resolved        'handlebars',
42 silly resolved        'inquirer',
42 silly resolved        'insight',
42 silly resolved        'is-root',
42 silly resolved        'junk',
42 silly resolved        'lockfile',
42 silly resolved        'lru-cache',
42 silly resolved        'md5-hex',
42 silly resolved        'mkdirp',
42 silly resolved        'mout',
42 silly resolved        'nopt',
42 silly resolved        'opn',
42 silly resolved        'p-throttler',
42 silly resolved        'promptly',
42 silly resolved        'q',
42 silly resolved        'request',
42 silly resolved        'request-progress',
42 silly resolved        'retry',
42 silly resolved        'rimraf',
42 silly resolved        'semver',
42 silly resolved        'shell-quote',
42 silly resolved        'stringify-object',
42 silly resolved        'tar-fs',
42 silly resolved        'tmp',
42 silly resolved        'update-notifier',
42 silly resolved        'user-home',
42 silly resolved        'which' ],
42 silly resolved     _id: 'bower@1.7.0',
42 silly resolved     _shasum: '55c9bf39f5547c02ed5469f67635637128adae29',
42 silly resolved     _from: 'bower@1.7.0',
42 silly resolved     _npmVersion: '2.14.4',
42 silly resolved     _nodeVersion: '4.1.1',
42 silly resolved     _npmUser: { name: 'sheerun', email: 'sheerun@sher.pl' },
42 silly resolved     dist:
42 silly resolved      { shasum: '55c9bf39f5547c02ed5469f67635637128adae29',
42 silly resolved        tarball: 'http://registry.npmjs.org/bower/-/bower-1.7.0.tgz' },
42 silly resolved     maintainers:
42 silly resolved      [ [Object],
42 silly resolved        [Object],
42 silly resolved        [Object],
42 silly resolved        [Object],
42 silly resolved        [Object],
42 silly resolved        [Object],
42 silly resolved        [Object] ],
42 silly resolved     directories: {},
42 silly resolved     _resolved: 'https://registry.npmjs.org/bower/-/bower-1.7.0.tgz' } ]
43 info install bower@1.7.0 into /usr/local/lib
44 info installOne bower@1.7.0
45 verbose lib/node_modules/bower unbuild
46 info preuninstall bower@1.4.1
47 info uninstall bower@1.4.1
48 verbose true,/usr/local/lib/node_modules,/usr/local/lib/node_modules unbuild bower@1.4.1
49 verbose /usr/local/bin,[object Object] binRoot
50 verbose gentlyRm verifying that /usr/local/lib/node_modules/bower is managed by npm
51 silly cacheAndTest /usr/local/lib/node_modules/bower is inside /usr/local/lib/node_modules
52 silly gentlyRm /usr/local/lib/node_modules/bower is managed by npm
53 silly gentlyRm /usr/local/bin/bower is not under /usr/local/lib/node_modules/bower
54 silly gentlyRm checking to see if /usr/local/bin/bower is a link
55 silly gentlyRm /usr/local/bin/bower is a link
56 silly gentlyRm /usr/local/lib/node_modules/bower/bin/bower inside /usr/local/lib/node_modules/bower
57 verbose gentlyRm vacuuming /usr/local/bin/bower
58 silly gentlyRm removing /usr/local/bin/bower
59 verbose lib/node_modules/bower unbuild
60 info preuninstall bower@1.4.1
61 info uninstall bower@1.4.1
62 verbose true,/usr/local/lib/node_modules,/usr/local/lib/node_modules unbuild bower@1.4.1
63 verbose /usr/local/bin,[object Object] binRoot
64 verbose gentlyRm verifying that /usr/local/lib/node_modules/bower is managed by npm
65 silly isManaged /usr/local/lib/node_modules/bower is inside /usr/local/lib/node_modules
66 silly gentlyRm /usr/local/lib/node_modules/bower is managed by npm
67 silly gentlyRm /usr/local/bin/bower is not under /usr/local/lib/node_modules/bower
68 silly gentlyRm checking to see if /usr/local/bin/bower is a link
69 silly gentlyRm /usr/local/bin/bower is a link
70 silly gentlyRm /usr/local/lib/node_modules/bower/bin/bower inside /usr/local/lib/node_modules/bower
71 verbose gentlyRm vacuuming /usr/local/bin/bower
72 silly gentlyRm removing /usr/local/bin/bower
73 error error rolling back Error: EACCES, unlink '/usr/local/bin/bower'
73 error error rolling back  bower@1.7.0 { [Error: EACCES, unlink '/usr/local/bin/bower'] errno: 3, code: 'EACCES', path: '/usr/local/bin/bower' }
74 error Error: EACCES, unlink '/usr/local/bin/bower'
74 error  { [Error: EACCES, unlink '/usr/local/bin/bower'] errno: 3, code: 'EACCES', path: '/usr/local/bin/bower' }
75 error Please try running this command again as root/Administrator.
76 error System Darwin 14.5.0
77 error command "node" "/usr/local/bin/npm" "update" "-g" "bower"
78 error cwd /Users/philip/javascript_projects/dynamic_validator
79 error node -v v0.10.31
80 error npm -v 2.0.0-beta.0
81 error path /usr/local/bin/bower
82 error code EACCES
83 error errno 3
84 error stack Error: EACCES, unlink '/usr/local/bin/bower'
85 verbose exit [ 3, true ]
